<?xml version="1.0" encoding="UTF-8"?>
<!-- Generated by org.testng.reporters.JUnitReportReporter -->
<testsuite hostname="LAPTOP-Q8FQTIJS" failures="0" tests="2" name="pro.training.tech.students.Selenium" time="0.004" errors="0" timestamp="2024-09-24T01:51:06 EDT" skipped="0">
  <testcase classname="pro.training.tech.students.Selenium" name="f" time="0.002"/>
  <testcase classname="pro.training.tech.students.Selenium" name="second" time="0.002"/>
</testsuite> <!-- pro.training.tech.students.Selenium -->
