<?xml version="1.0" encoding="UTF-8"?>
<!-- Generated by org.testng.reporters.JUnitReportReporter -->
<testsuite hostname="LAPTOP-Q8FQTIJS" failures="0" tests="2" name="pro.training.tech.students.ChromeandEdge" time="55.718" errors="0" timestamp="2024-09-21T20:42:49 EDT" skipped="0">
  <testcase classname="pro.training.tech.students.ChromeandEdge" name="f" time="34.591"/>
  <testcase classname="pro.training.tech.students.ChromeandEdge" name="secondmethod" time="21.127"/>
</testsuite> <!-- pro.training.tech.students.ChromeandEdge -->
