<?xml version="1.0" encoding="UTF-8"?>
<!-- Generated by org.testng.reporters.JUnitReportReporter -->
<testsuite hostname="LAPTOP-Q8FQTIJS" failures="0" tests="2" name="pro.training.tech.students.Setupbrowsers" time="95.308" errors="0" timestamp="2024-09-19T00:47:25 EDT" skipped="0">
  <testcase classname="pro.training.tech.students.Setupbrowsers" name="f" time="44.523"/>
  <testcase classname="pro.training.tech.students.Setupbrowsers" name="keyboards" time="50.785"/>
</testsuite> <!-- pro.training.tech.students.Setupbrowsers -->
