<?xml version="1.0" encoding="UTF-8"?>
<!-- Generated by org.testng.reporters.JUnitReportReporter -->
<testsuite hostname="LAPTOP-Q8FQTIJS" failures="0" tests="1" name="pro.training.tech.students.Searches" time="37.628" errors="0" timestamp="2024-09-21T20:42:49 EDT" skipped="0">
  <testcase classname="pro.training.tech.students.Searches" name="f" time="37.628"/>
</testsuite> <!-- pro.training.tech.students.Searches -->
