<?xml version="1.0" encoding="UTF-8"?>
<!-- Generated by org.testng.reporters.JUnitReportReporter -->
<testsuite hostname="LAPTOP-Q8FQTIJS" failures="0" tests="2" name="pro.training.tech.students.PageObjectModel" time="93.429" errors="0" timestamp="2024-09-18T01:34:24 EDT" skipped="0">
  <testcase classname="pro.training.tech.students.PageObjectModel" name="Aseconds" time="35.286"/>
  <testcase classname="pro.training.tech.students.PageObjectModel" name="f" time="58.143"/>
</testsuite> <!-- pro.training.tech.students.PageObjectModel -->
