<?xml version="1.0" encoding="UTF-8"?>
<!-- Generated by org.testng.reporters.JUnitReportReporter -->
<testsuite hostname="LAPTOP-Q8FQTIJS" failures="0" tests="2" name="PageObject.PagObjModel" time="79.820" errors="0" timestamp="2024-09-21T09:44:43 EDT" skipped="0">
  <testcase classname="PageObject.PagObjModel" name="f" time="49.791"/>
  <testcase classname="PageObject.PagObjModel" name="SecondMethod" time="30.029"/>
</testsuite> <!-- PageObject.PagObjModel -->
